<?xml version="1.0" encoding="UTF-8"?>
<!-- Generated by org.testng.reporters.JUnitReportReporter -->
<testsuite skipped="0" hostname="Gowtham_S" name="webDriver.Check_Session" tests="2" failures="0" timestamp="02 Sep 2024 08:14:36 GMT" time="23.520" errors="0">
  <testcase name="sessioncookies" time="14.095" classname="webDriver.Check_Session"/>
  <testcase name="sessioncookies2" time="9.425" classname="webDriver.Check_Session"/>
</testsuite> <!-- webDriver.Check_Session -->
